27.01.2023 14:38:32	Этот журнал содержит сведения об операции импорта схемы в проект "RecordingSystem.DB" на компьютере "DESKTOP-MH87Q5L", выполненной пользователем "Святослав".
27.01.2023 14:38:32	Импорт схемы базы данных начат.
27.01.2023 14:38:35	Идет сбор учетных данных для базы данных
27.01.2023 14:38:35	Идет сбор параметров базы данных
27.01.2023 14:38:35	Собирается параметр конфигурации области универсальной базы данных
27.01.2023 14:38:35	Идет сбор пользователей
27.01.2023 14:38:35	Идет сбор ролей
27.01.2023 14:38:35	Идет сбор ролей приложений
27.01.2023 14:38:35	Идет сбор членств ролей
27.01.2023 14:38:35	Идет сбор файловых групп
27.01.2023 14:38:35	Идет сбор полнотекстовых каталогов
27.01.2023 14:38:35	Идет сбор сборок
27.01.2023 14:38:35	Идет сбор сертификатов
27.01.2023 14:38:35	Идет сбор асимметричных ключей
27.01.2023 14:38:35	Идет сбор симметричных ключей
27.01.2023 14:38:35	Идет сбор зашифрованных симметричных ключей
27.01.2023 14:38:35	Идет сбор схем
27.01.2023 14:38:35	Идет сбор коллекции схем XML
27.01.2023 14:38:35	Идет сбор определяемых пользователем типов данных
27.01.2023 14:38:35	Идет сбор определяемых пользователем типов
27.01.2023 14:38:35	Идет сбор табличных типов
27.01.2023 14:38:35	Сбор уникальных ключей для табличных типов
27.01.2023 14:38:35	Идет сбор первичных ключей для табличных типов
27.01.2023 14:38:35	Сбор индексов для табличных типов
27.01.2023 14:38:35	Идет сбор проверочных ограничений для табличных типов
27.01.2023 14:38:35	Идет сбор ограничений по умолчанию для табличных типов
27.01.2023 14:38:35	Идет сбор функций секционирования
27.01.2023 14:38:35	Идет сбор схем секционирования
27.01.2023 14:38:35	Идет сбор функций
27.01.2023 14:38:35	Сбор зашифрованных функций
27.01.2023 14:38:35	Идет сбор статистических выражений
27.01.2023 14:38:35	Идет сбор процедур
27.01.2023 14:38:35	Сбор зашифрованных процедур
27.01.2023 14:38:35	Идет сбор таблиц
27.01.2023 14:38:35	Идет сбор первичных ключей
27.01.2023 14:38:35	Идет сбор ограничений уникальности
27.01.2023 14:38:35	Идет сбор внешних ключей
27.01.2023 14:38:35	Идет сбор ограничений по умолчанию
27.01.2023 14:38:35	Идет сбор проверочных ограничений
27.01.2023 14:38:35	Идет сбор представлений
27.01.2023 14:38:35	Сбор зашифрованных представлений
27.01.2023 14:38:35	Идет сбор индексов
27.01.2023 14:38:35	Идет сбор статистики
27.01.2023 14:38:35	Идет сбор списков стоп-слов полнотекстовых индексов
27.01.2023 14:38:35	Сбор списков свойств поиска
27.01.2023 14:38:35	Сбор свойств поиска
27.01.2023 14:38:35	Идет сбор полнотекстовых индексов
27.01.2023 14:38:35	Сбор индексов хранилища столбцов
27.01.2023 14:38:35	Идет сбор пространственных индексов
27.01.2023 14:38:35	Идет сбор XML-индексов
27.01.2023 14:38:35	Сбор селективных XML-индексов
27.01.2023 14:38:35	Сбор зашифрованных триггеров
27.01.2023 14:38:35	Идет сбор триггеров
27.01.2023 14:38:35	Идет сбор зашифрованных триггеров и триггеров ddl clr
27.01.2023 14:38:35	Идет сбор триггеров ddl
27.01.2023 14:38:35	Создание ограничений границы
27.01.2023 14:38:35	Идет сбор синонимов
27.01.2023 14:38:35	Идет сбор значений по умолчанию
27.01.2023 14:38:35	Идет сбор привязок uddt ограничений данных
27.01.2023 14:38:35	Идет сбор правил
27.01.2023 14:38:35	Идет сбор привязок uddt ограничений данных
27.01.2023 14:38:35	Идет сбор типов сообщений
27.01.2023 14:38:35	Идет сбор списков ожидания
27.01.2023 14:38:35	Идет сбор контрактов
27.01.2023 14:38:35	Идет сбор служб
27.01.2023 14:38:35	Идет сбор уведомлений о событиях
27.01.2023 14:38:35	Идет сбор привязок удаленных служб
27.01.2023 14:38:35	Идет сбор приоритетов брокера
27.01.2023 14:38:35	Идет сбор подписей
27.01.2023 14:38:35	Идет сбор параметров сжатия данных
27.01.2023 14:38:35	Сбор типов последовательностей
27.01.2023 14:38:35	Идет сбор политик безопасности
27.01.2023 14:38:35	Сбор ключей шифрования столбцов
27.01.2023 14:38:35	Сбор главных ключей столбцов
27.01.2023 14:38:35	Выполняется сбор внешних источников данных
27.01.2023 14:38:35	Выполняется сбор внешних форматов файлов
27.01.2023 14:38:35	Выполняется сбор внешних таблиц
27.01.2023 14:38:35	Идет сбор расширенных свойств
27.01.2023 14:38:35	Идет сбор сборок
27.01.2023 14:38:35	Идет сбор учетных данных
27.01.2023 14:38:35	Идет сбор имен входа
27.01.2023 14:38:35	Идет сбор аудитов сервера
27.01.2023 14:38:36	Выполняется проверка проекта на наличие повторяющихся элементов
27.01.2023 14:38:36	Обработка повторяющегося элемента завершена
27.01.2023 14:38:36	Импорт базы данных завершен.
27.01.2023 14:38:36	summary операции импорта была сохранена по следующему пути: C:\Users\Святослав\source\repos\RecordingSystem.DB\RecordingSystem.DB\Журналы импорта схем\RecordingSystem.DB_20230127113832.log
27.01.2023 14:38:36	Для продолжения нажмите кнопку ''Готово''...
